# JRE version: OpenJDK Runtime Environment (11.0+28) (build 11+28)
# Java VM: OpenJDK 64-Bit Server VM (11+28, mixed mode, tiered, compressed oops, g1 gc, windows-amd64)
Heap:
 garbage-first heap   total 262144K, used 10845K [0x0000000701200000, 0x0000000800000000)
  region size 1024K, 2 young (2048K), 2 survivors (2048K)
 Metaspace       used 24481K, capacity 25233K, committed 25392K, reserved 1085440K
  class space    used 3035K, capacity 3341K, committed 3456K, reserved 1048576K
GC Heap History (6 events):
Event: 0.742 GC heap before
{Heap before GC invocations=0 (full 0):
 garbage-first heap   total 262144K, used 24576K [0x0000000701200000, 0x0000000800000000)
  region size 1024K, 24 young (24576K), 0 survivors (0K)
 Metaspace       used 13896K, capacity 14269K, committed 14464K, reserved 1062912K
  class space    used 1469K, capacity 1592K, committed 1664K, reserved 1048576K
}
Event: 0.748 GC heap after
{Heap after GC invocations=1 (full 0):
 garbage-first heap   total 262144K, used 7400K [0x0000000701200000, 0x0000000800000000)
  region size 1024K, 3 young (3072K), 3 survivors (3072K)
 Metaspace       used 13896K, capacity 14269K, committed 14464K, reserved 1062912K
  class space    used 1469K, capacity 1592K, committed 1664K, reserved 1048576K
}
Event: 1.154 GC heap before
{Heap before GC invocations=1 (full 0):
 garbage-first heap   total 262144K, used 89320K [0x0000000701200000, 0x0000000800000000)
  region size 1024K, 85 young (87040K), 3 survivors (3072K)
 Metaspace       used 20608K, capacity 21189K, committed 21296K, reserved 1069056K
  class space    used 2403K, capacity 2655K, committed 2688K, reserved 1048576K
}
Event: 1.162 GC heap after
{Heap after GC invocations=2 (full 0):
 garbage-first heap   total 262144K, used 9448K [0x0000000701200000, 0x0000000800000000)
  region size 1024K, 5 young (5120K), 5 survivors (5120K)
 Metaspace       used 20608K, capacity 21189K, committed 21296K, reserved 1069056K
  class space    used 2403K, capacity 2655K, committed 2688K, reserved 1048576K
}
Event: 1.255 GC heap before
{Heap before GC invocations=3 (full 0):
 garbage-first heap   total 262144K, used 26856K [0x0000000701200000, 0x0000000800000000)
  region size 1024K, 22 young (22528K), 5 survivors (5120K)
 Metaspace       used 22744K, capacity 23406K, committed 23728K, reserved 1071104K
  class space    used 2796K, capacity 3049K, committed 3072K, reserved 1048576K
}
Event: 1.260 GC heap after
{Heap after GC invocations=4 (full 0):
 garbage-first heap   total 262144K, used 10509K [0x0000000701200000, 0x0000000800000000)
  region size 1024K, 2 young (2048K), 2 survivors (2048K)
 Metaspace       used 22744K, capacity 23406K, committed 23728K, reserved 1071104K
  class space    used 2796K, capacity 3049K, committed 3072K, reserved 1048576K
}

